Determining if the pthread_create exist failed with the following output:
Change Dir: /home/zoli/AIN/programming3/semestral_project/cmake-build-debug/CMakeFiles/CMakeTmp

Run Build Command:"/usr/bin/make" "cmTC_f7eee/fast"
make[1]: Entering directory '/home/zoli/AIN/programming3/semestral_project/cmake-build-debug/CMakeFiles/CMakeTmp'
/usr/bin/make -f CMakeFiles/cmTC_f7eee.dir/build.make CMakeFiles/cmTC_f7eee.dir/build
make[2]: Entering directory '/home/zoli/AIN/programming3/semestral_project/cmake-build-debug/CMakeFiles/CMakeTmp'
Building C object CMakeFiles/cmTC_f7eee.dir/CheckSymbolExists.c.o
/usr/bin/cc     -o CMakeFiles/cmTC_f7eee.dir/CheckSymbolExists.c.o   -c /home/zoli/AIN/programming3/semestral_project/cmake-build-debug/CMakeFiles/CMakeTmp/CheckSymbolExists.c
Linking C executable cmTC_f7eee
/home/zoli/clion-2016.3/bin/cmake/bin/cmake -E cmake_link_script CMakeFiles/cmTC_f7eee.dir/link.txt --verbose=1
/usr/bin/cc       CMakeFiles/cmTC_f7eee.dir/CheckSymbolExists.c.o  -o cmTC_f7eee -rdynamic 
CMakeFiles/cmTC_f7eee.dir/CheckSymbolExists.c.o: In function `main':
CheckSymbolExists.c:(.text+0x16): undefined reference to `pthread_create'
collect2: error: ld returned 1 exit status
CMakeFiles/cmTC_f7eee.dir/build.make:97: recipe for target 'cmTC_f7eee' failed
make[2]: *** [cmTC_f7eee] Error 1
make[2]: Leaving directory '/home/zoli/AIN/programming3/semestral_project/cmake-build-debug/CMakeFiles/CMakeTmp'
Makefile:126: recipe for target 'cmTC_f7eee/fast' failed
make[1]: *** [cmTC_f7eee/fast] Error 2
make[1]: Leaving directory '/home/zoli/AIN/programming3/semestral_project/cmake-build-debug/CMakeFiles/CMakeTmp'

File /home/zoli/AIN/programming3/semestral_project/cmake-build-debug/CMakeFiles/CMakeTmp/CheckSymbolExists.c:
/* */
#include <pthread.h>

int main(int argc, char** argv)
{
  (void)argv;
#ifndef pthread_create
  return ((int*)(&pthread_create))[argc];
#else
  (void)argc;
  return 0;
#endif
}

Determining if the function pthread_create exists in the pthreads failed with the following output:
Change Dir: /home/zoli/AIN/programming3/semestral_project/cmake-build-debug/CMakeFiles/CMakeTmp

Run Build Command:"/usr/bin/make" "cmTC_7f527/fast"
make[1]: Entering directory '/home/zoli/AIN/programming3/semestral_project/cmake-build-debug/CMakeFiles/CMakeTmp'
/usr/bin/make -f CMakeFiles/cmTC_7f527.dir/build.make CMakeFiles/cmTC_7f527.dir/build
make[2]: Entering directory '/home/zoli/AIN/programming3/semestral_project/cmake-build-debug/CMakeFiles/CMakeTmp'
Building C object CMakeFiles/cmTC_7f527.dir/CheckFunctionExists.c.o
/usr/bin/cc    -DCHECK_FUNCTION_EXISTS=pthread_create   -o CMakeFiles/cmTC_7f527.dir/CheckFunctionExists.c.o   -c /home/zoli/clion-2016.3/bin/cmake/share/cmake-3.6/Modules/CheckFunctionExists.c
Linking C executable cmTC_7f527
/home/zoli/clion-2016.3/bin/cmake/bin/cmake -E cmake_link_script CMakeFiles/cmTC_7f527.dir/link.txt --verbose=1
/usr/bin/cc   -DCHECK_FUNCTION_EXISTS=pthread_create    CMakeFiles/cmTC_7f527.dir/CheckFunctionExists.c.o  -o cmTC_7f527 -rdynamic -lpthreads 
/usr/bin/ld: cannot find -lpthreads
collect2: error: ld returned 1 exit status
CMakeFiles/cmTC_7f527.dir/build.make:97: recipe for target 'cmTC_7f527' failed
make[2]: *** [cmTC_7f527] Error 1
make[2]: Leaving directory '/home/zoli/AIN/programming3/semestral_project/cmake-build-debug/CMakeFiles/CMakeTmp'
Makefile:126: recipe for target 'cmTC_7f527/fast' failed
make[1]: *** [cmTC_7f527/fast] Error 2
make[1]: Leaving directory '/home/zoli/AIN/programming3/semestral_project/cmake-build-debug/CMakeFiles/CMakeTmp'


